[2026-03-24 18:28:16] [INFO] Interval: 2026-03-24 06:28:16.109546 -> 2026-03-24 18:28:16.109546 (mode=rolling) 
[2026-03-24 18:28:16] [INFO] Nacteno 6 dvojic klicovych slov z keywords.txt 
[2026-03-24 18:28:16] [INFO] Nacitam feed: CT24 
[2026-03-24 18:28:17] [WARN] Preskakuji CT24: In argument: `datetime = parse_pub_datetime(pub_raw)`. 
[2026-03-24 18:28:17] [INFO] Nacitam feed: iDNES 
[2026-03-24 18:28:18] [WARN] Preskakuji iDNES: In argument: `datetime = parse_pub_datetime(pub_raw)`. 
[2026-03-24 18:28:18] [INFO] Nacitam feed: Novinky 
[2026-03-24 18:28:19] [WARN] Preskakuji Novinky: In argument: `datetime = parse_pub_datetime(pub_raw)`. 
[2026-03-24 18:28:19] [INFO] Nacitam feed: Seznam Zpravy 
[2026-03-24 18:28:20] [WARN] Preskakuji Seznam Zpravy: In argument: `datetime = parse_pub_datetime(pub_raw)`. 
[2026-03-24 18:28:20] [INFO] Nacitam feed: Denik N 
[2026-03-24 18:28:21] [WARN] Preskakuji Denik N: In argument: `datetime = parse_pub_datetime(pub_raw)`. 
[2026-03-24 18:28:21] [INFO] Nacitam feed: BBC World 
[2026-03-24 18:28:21] [WARN] Preskakuji BBC World: In argument: `datetime = parse_pub_datetime(pub_raw)`. 
[2026-03-24 18:28:21] [INFO] Nacitam feed: Reuters World 
[2026-03-24 18:28:21] [WARN] Preskakuji Reuters World: Attempt to fetch feed resulted in an error: Error in curl::curl_fetch_memory(url, handle = handle): Couldn't resolve host name [feeds.reuters.com]:
Could not resolve host: feeds.reuters.com
 
[2026-03-24 18:28:21] [INFO] Nacitam feed: The Guardian World 
[2026-03-24 18:28:21] [WARN] Preskakuji The Guardian World: In argument: `datetime = parse_pub_datetime(pub_raw)`. 
[2026-03-24 18:28:21] [INFO] Nacitam feed: AP News 
[2026-03-24 18:28:22] [WARN] Preskakuji AP News: Error in feed parse; please check URL.

  If you're certain that this is a valid rss feed,
  please file an issue at https://github.com/RobertMyles/tidyRSS/issues.
  Please note that the feed may also be undergoing maintenance. 
[2026-03-24 18:28:22] [INFO] Nacitam feed: NYTimes World 
[2026-03-24 18:28:22] [WARN] Preskakuji NYTimes World: In argument: `datetime = parse_pub_datetime(pub_raw)`. 
[2026-03-24 18:28:22] [WARN] Nepodarilo se nacist zadna RSS data. 
